<?xml version="1.0" encoding="UTF-8"?>
<testng-results ignored="0" total="1" passed="1" failed="0" skipped="0">
  <reporter-output>
  </reporter-output>
  <suite started-at="2024-07-21T07:21:59Z" name="Default suite" finished-at="2024-07-21T07:22:01Z" duration-ms="2031">
    <groups>
    </groups>
    <test started-at="2024-07-21T07:21:59Z" name="Default test" finished-at="2024-07-21T07:22:01Z" duration-ms="2031">
      <class name="testing.Test_Selenium">
        <test-method signature="f()[pri:0, instance:testing.Test_Selenium@68df9280]" started-at="2024-07-21T01:21:59Z" name="f" finished-at="2024-07-21T01:22:01Z" duration-ms="2016" status="PASS">
          <reporter-output>
          </reporter-output>
        </test-method> <!-- f -->
      </class> <!-- testing.Test_Selenium -->
    </test> <!-- Default test -->
  </suite> <!-- Default suite -->
</testng-results>
